<?xml version="1.0"?><coverage lines-covered="123" lines-valid="249" line-rate="0.4939759036144578" branches-covered="0" branches-valid="0" branch-rate="0" complexity="0" version="1.9" timestamp="1745304938"><sources><source>/home/runner/work/life/life</source></sources><packages><package name="src" line-rate="0.4939759036144578" branch-rate="0" complexity="0"><classes><class name="main" filename="src/main.rs" line-rate="0" branch-rate="0" complexity="0"><methods/><lines><line number="4" hits="0"/><line number="5" hits="0"/><line number="6" hits="0"/><line number="7" hits="0"/><line number="8" hits="0"/></lines></class></classes></package><package name="src/life" line-rate="0.615" branch-rate="0" complexity="0"><classes><class name="bounds" filename="src/life/bounds.rs" line-rate="0.8823529411764706" branch-rate="0" complexity="0"><methods/><lines><line number="14" hits="4"/><line number="15" hits="8"/><line number="17" hits="4"/><line number="19" hits="4"/><line number="20" hits="4"/><line number="21" hits="4"/><line number="22" hits="4"/><line number="23" hits="4"/><line number="24" hits="4"/><line number="29" hits="4"/><line number="30" hits="4"/><line number="31" hits="0"/><line number="32" hits="4"/><line number="36" hits="4"/><line number="37" hits="4"/><line number="38" hits="0"/><line number="39" hits="4"/></lines></class><class name="cell" filename="src/life/cell.rs" line-rate="0.8666666666666667" branch-rate="0" complexity="0"><methods/><lines><line number="10" hits="8"/><line number="14" hits="4"/><line number="15" hits="4"/><line number="18" hits="4"/><line number="19" hits="4"/><line number="22" hits="4"/><line number="23" hits="4"/><line number="24" hits="4"/><line number="25" hits="8"/><line number="26" hits="8"/><line number="27" hits="12"/><line number="37" hits="4"/><line number="38" hits="4"/><line number="43" hits="0"/><line number="44" hits="0"/></lines></class><class name="cells" filename="src/life/cells.rs" line-rate="0.868421052631579" branch-rate="0" complexity="0"><methods/><lines><line number="24" hits="0"/><line number="25" hits="0"/><line number="28" hits="4"/><line number="29" hits="4"/><line number="30" hits="8"/><line number="31" hits="4"/><line number="33" hits="4"/><line number="36" hits="5"/><line number="37" hits="5"/><line number="40" hits="2"/><line number="41" hits="3"/><line number="44" hits="2"/><line number="45" hits="8"/><line number="48" hits="4"/><line number="49" hits="8"/><line number="50" hits="4"/><line number="54" hits="4"/><line number="55" hits="4"/><line number="58" hits="2"/><line number="59" hits="2"/><line number="62" hits="3"/><line number="64" hits="3"/><line number="65" hits="7"/><line number="66" hits="4"/><line number="68" hits="0"/><line number="70" hits="4"/><line number="71" hits="4"/><line number="72" hits="4"/><line number="73" hits="4"/><line number="74" hits="4"/><line number="76" hits="4"/><line number="77" hits="4"/><line number="78" hits="8"/><line number="79" hits="6"/><line number="80" hits="1"/><line number="82" hits="3"/><line number="84" hits="2"/><line number="88" hits="4"/><line number="89" hits="4"/><line number="91" hits="4"/><line number="92" hits="11"/><line number="93" hits="1"/><line number="94" hits="1"/><line number="95" hits="1"/><line number="96" hits="1"/><line number="97" hits="1"/><line number="98" hits="0"/><line number="100" hits="1"/><line number="102" hits="1"/><line number="109" hits="8"/><line number="112" hits="8"/><line number="113" hits="8"/><line number="115" hits="24"/><line number="117" hits="16"/><line number="118" hits="16"/><line number="121" hits="16"/><line number="122" hits="17"/><line number="124" hits="9"/><line number="126" hits="24"/><line number="127" hits="8"/><line number="128" hits="8"/><line number="133" hits="8"/><line number="140" hits="1"/><line number="141" hits="2"/><line number="142" hits="4"/><line number="147" hits="6"/><line number="148" hits="6"/><line number="149" hits="6"/><line number="158" hits="4"/><line number="159" hits="4"/><line number="164" hits="0"/><line number="165" hits="0"/><line number="170" hits="0"/><line number="171" hits="0"/><line number="174" hits="0"/><line number="176" hits="0"/></lines></class><class name="generations" filename="src/life/generations.rs" line-rate="0" branch-rate="0" complexity="0"><methods/><lines><line number="12" hits="0"/><line number="15" hits="0"/><line number="19" hits="0"/><line number="20" hits="0"/><line number="27" hits="0"/><line number="28" hits="0"/><line number="29" hits="0"/><line number="31" hits="0"/><line number="32" hits="0"/><line number="34" hits="0"/><line number="35" hits="0"/><line number="38" hits="0"/></lines></class><class name="pattern" filename="src/life/pattern.rs" line-rate="0" branch-rate="0" complexity="0"><methods/><lines><line number="13" hits="0"/><line number="14" hits="0"/></lines></class><class name="position" filename="src/life/position.rs" line-rate="1" branch-rate="0" complexity="0"><methods/><lines><line number="11" hits="4"/><line number="15" hits="4"/><line number="16" hits="4"/><line number="19" hits="4"/><line number="20" hits="4"/></lines></class><class name="world" filename="src/life/world.rs" line-rate="0.3287671232876712" branch-rate="0" complexity="0"><methods/><lines><line number="27" hits="0"/><line number="28" hits="0"/><line number="29" hits="0"/><line number="30" hits="0"/><line number="31" hits="0"/><line number="32" hits="0"/><line number="33" hits="0"/><line number="34" hits="0"/><line number="35" hits="0"/><line number="41" hits="0"/><line number="44" hits="0"/><line number="48" hits="1"/><line number="49" hits="1"/><line number="50" hits="0"/><line number="51" hits="0"/><line number="52" hits="0"/><line number="53" hits="0"/><line number="55" hits="0"/><line number="58" hits="0"/><line number="60" hits="0"/><line number="64" hits="0"/><line number="65" hits="0"/><line number="66" hits="0"/><line number="69" hits="0"/><line number="70" hits="0"/><line number="73" hits="4"/><line number="74" hits="4"/><line number="77" hits="4"/><line number="78" hits="8"/><line number="80" hits="8"/><line number="84" hits="4"/><line number="85" hits="4"/><line number="87" hits="12"/><line number="88" hits="4"/><line number="89" hits="4"/><line number="92" hits="4"/><line number="94" hits="8"/><line number="97" hits="8"/><line number="99" hits="8"/><line number="101" hits="4"/><line number="103" hits="4"/><line number="105" hits="4"/><line number="106" hits="4"/><line number="107" hits="1"/><line number="110" hits="1"/><line number="111" hits="1"/><line number="116" hits="4"/><line number="128" hits="0"/><line number="129" hits="0"/><line number="130" hits="0"/><line number="137" hits="0"/><line number="138" hits="0"/><line number="139" hits="0"/><line number="141" hits="0"/><line number="142" hits="0"/><line number="144" hits="0"/><line number="150" hits="0"/><line number="152" hits="0"/><line number="153" hits="0"/><line number="160" hits="0"/><line number="161" hits="0"/><line number="162" hits="0"/><line number="165" hits="0"/><line number="168" hits="0"/><line number="169" hits="0"/><line number="170" hits="0"/><line number="172" hits="0"/><line number="173" hits="0"/><line number="174" hits="0"/><line number="176" hits="0"/><line number="183" hits="0"/><line number="184" hits="0"/><line number="186" hits="0"/></lines></class></classes></package><package name="tests" line-rate="0" branch-rate="0" complexity="0"><classes></classes></package><package name="src/app" line-rate="0" branch-rate="0" complexity="0"><classes><class name="arguments" filename="src/app/arguments.rs" line-rate="0" branch-rate="0" complexity="0"><methods/><lines><line number="6" hits="0"/><line number="7" hits="0"/><line number="8" hits="0"/><line number="9" hits="0"/><line number="11" hits="0"/><line number="12" hits="0"/><line number="13" hits="0"/><line number="16" hits="0"/><line number="17" hits="0"/><line number="18" hits="0"/><line number="19" hits="0"/><line number="22" hits="0"/><line number="23" hits="0"/><line number="24" hits="0"/><line number="59" hits="0"/><line number="60" hits="0"/><line number="63" hits="0"/><line number="64" hits="0"/><line number="67" hits="0"/><line number="68" hits="0"/><line number="71" hits="0"/><line number="72" hits="0"/></lines></class><class name="life" filename="src/app/life.rs" line-rate="0" branch-rate="0" complexity="0"><methods/><lines><line number="18" hits="0"/><line number="19" hits="0"/><line number="20" hits="0"/><line number="21" hits="0"/><line number="22" hits="0"/><line number="23" hits="0"/><line number="24" hits="0"/><line number="25" hits="0"/><line number="26" hits="0"/><line number="27" hits="0"/><line number="28" hits="0"/><line number="36" hits="0"/><line number="37" hits="0"/><line number="38" hits="0"/><line number="39" hits="0"/><line number="41" hits="0"/><line number="44" hits="0"/><line number="45" hits="0"/><line number="48" hits="0"/><line number="49" hits="0"/><line number="52" hits="0"/><line number="53" hits="0"/></lines></class></classes></package></packages></coverage>